c:\users\peyton\documents\visual studio 2015\projects\opengl\2d engine\final project engine\release\vc140.pdb
c:\users\peyton\documents\visual studio 2015\projects\opengl\2d engine\final project engine\release\sound.obj
c:\users\peyton\documents\visual studio 2015\projects\opengl\2d engine\final project engine\release\shape.obj
c:\users\peyton\documents\visual studio 2015\projects\opengl\2d engine\final project engine\release\shader.obj
c:\users\peyton\documents\visual studio 2015\projects\opengl\2d engine\final project engine\release\scoreboard.obj
c:\users\peyton\documents\visual studio 2015\projects\opengl\2d engine\final project engine\release\rectanglet.obj
c:\users\peyton\documents\visual studio 2015\projects\opengl\2d engine\final project engine\release\rectangle.obj
c:\users\peyton\documents\visual studio 2015\projects\opengl\2d engine\final project engine\release\node.obj
c:\users\peyton\documents\visual studio 2015\projects\opengl\2d engine\final project engine\release\list.obj
c:\users\peyton\documents\visual studio 2015\projects\opengl\2d engine\final project engine\release\init.obj
c:\users\peyton\documents\visual studio 2015\projects\opengl\2d engine\final project engine\release\human.obj
c:\users\peyton\documents\visual studio 2015\projects\opengl\2d engine\final project engine\release\hitbox.obj
c:\users\peyton\documents\visual studio 2015\projects\opengl\2d engine\final project engine\release\hitarray.obj
c:\users\peyton\documents\visual studio 2015\projects\opengl\2d engine\final project engine\release\graphicnumber.obj
c:\users\peyton\documents\visual studio 2015\projects\opengl\2d engine\final project engine\release\circle.obj
c:\users\peyton\documents\visual studio 2015\projects\opengl\2d engine\final project engine\release\chunkfile.obj
c:\users\peyton\documents\visual studio 2015\projects\opengl\2d engine\final project engine\release\source.obj
c:\users\peyton\documents\visual studio 2015\projects\opengl\2d engine\final project engine\release\chunk.obj
c:\users\peyton\documents\visual studio 2015\projects\opengl\2d engine\final project engine\release\block.obj
c:\users\peyton\documents\visual studio 2015\projects\opengl\2d engine\final project engine\release\bounds.obj
c:\users\peyton\documents\visual studio 2015\projects\opengl\2d engine\final project engine\release\batchrenderer.obj
c:\users\peyton\documents\visual studio 2015\projects\opengl\2d engine\final project engine\release\trianglet.obj
c:\users\peyton\documents\visual studio 2015\projects\opengl\2d engine\final project engine\release\triangle.obj
c:\users\peyton\documents\visual studio 2015\projects\opengl\2d engine\final project engine\release\texture.obj
c:\users\peyton\documents\visual studio 2015\projects\opengl\2d engine\final project engine\release\tests.obj
c:\users\peyton\documents\visual studio 2015\projects\opengl\2d engine\final project engine\release\stb_image.obj
c:\users\peyton\documents\visual studio 2015\projects\opengl\2d engine\release\2d engine.exe
c:\users\peyton\documents\visual studio 2015\projects\opengl\2d engine\release\2d engine.ipdb
c:\users\peyton\documents\visual studio 2015\projects\opengl\2d engine\release\2d engine.iobj
c:\users\peyton\documents\visual studio 2015\projects\opengl\2d engine\release\2d engine.pdb
c:\users\peyton\documents\visual studio 2015\projects\opengl\2d engine\final project engine\release\2d engine.tlog\cl.command.1.tlog
c:\users\peyton\documents\visual studio 2015\projects\opengl\2d engine\final project engine\release\2d engine.tlog\cl.read.1.tlog
c:\users\peyton\documents\visual studio 2015\projects\opengl\2d engine\final project engine\release\2d engine.tlog\cl.write.1.tlog
c:\users\peyton\documents\visual studio 2015\projects\opengl\2d engine\final project engine\release\2d engine.tlog\link.command.1.tlog
c:\users\peyton\documents\visual studio 2015\projects\opengl\2d engine\final project engine\release\2d engine.tlog\link.read.1.tlog
c:\users\peyton\documents\visual studio 2015\projects\opengl\2d engine\final project engine\release\2d engine.tlog\link.write.1.tlog
