  Bounds.cpp
c:\users\peyton\documents\visual studio 2015\projects\opengl\2d engine\final project engine\Init.h(32): fatal error C1083: Cannot open include file: 'GL/glew.h': No such file or directory
  Block.cpp
c:\users\peyton\documents\visual studio 2015\projects\opengl\2d engine\final project engine\buildinggame\Block.h(3): fatal error C1083: Cannot open include file: 'Init.h': No such file or directory
  Chunk.cpp
c:\users\peyton\documents\visual studio 2015\projects\opengl\2d engine\final project engine\buildinggame\Chunk.h(3): fatal error C1083: Cannot open include file: 'Init.h': No such file or directory
  Source.cpp
BuildingGame\Source.cpp(1): fatal error C1083: Cannot open include file: 'Init.h': No such file or directory
  Circle.cpp
c:\users\peyton\documents\visual studio 2015\projects\opengl\2d engine\final project engine\Init.h(32): fatal error C1083: Cannot open include file: 'GL/glew.h': No such file or directory
  GraphicNumber.cpp
c:\users\peyton\documents\visual studio 2015\projects\opengl\2d engine\final project engine\Init.h(32): fatal error C1083: Cannot open include file: 'GL/glew.h': No such file or directory
  HitArray.cpp
c:\users\peyton\documents\visual studio 2015\projects\opengl\2d engine\final project engine\Init.h(32): fatal error C1083: Cannot open include file: 'GL/glew.h': No such file or directory
  Hitbox.cpp
c:\users\peyton\documents\visual studio 2015\projects\opengl\2d engine\final project engine\Init.h(32): fatal error C1083: Cannot open include file: 'GL/glew.h': No such file or directory
  Human.cpp
c:\users\peyton\documents\visual studio 2015\projects\opengl\2d engine\final project engine\Init.h(32): fatal error C1083: Cannot open include file: 'GL/glew.h': No such file or directory
  Init.cpp
c:\users\peyton\documents\visual studio 2015\projects\opengl\2d engine\final project engine\Init.h(32): fatal error C1083: Cannot open include file: 'GL/glew.h': No such file or directory
  Rectangle.cpp
c:\users\peyton\documents\visual studio 2015\projects\opengl\2d engine\final project engine\Init.h(32): fatal error C1083: Cannot open include file: 'GL/glew.h': No such file or directory
  RectangleT.cpp
c:\users\peyton\documents\visual studio 2015\projects\opengl\2d engine\final project engine\Init.h(32): fatal error C1083: Cannot open include file: 'GL/glew.h': No such file or directory
  ScoreBoard.cpp
c:\users\peyton\documents\visual studio 2015\projects\opengl\2d engine\final project engine\Init.h(32): fatal error C1083: Cannot open include file: 'GL/glew.h': No such file or directory
  Shader.cpp
c:\users\peyton\documents\visual studio 2015\projects\opengl\2d engine\final project engine\Init.h(32): fatal error C1083: Cannot open include file: 'GL/glew.h': No such file or directory
  Shape.cpp
c:\users\peyton\documents\visual studio 2015\projects\opengl\2d engine\final project engine\Init.h(32): fatal error C1083: Cannot open include file: 'GL/glew.h': No such file or directory
  Sound.cpp
c:\users\peyton\documents\visual studio 2015\projects\opengl\2d engine\final project engine\Init.h(32): fatal error C1083: Cannot open include file: 'GL/glew.h': No such file or directory
  stb_image.cpp
  Texture.cpp
c:\users\peyton\documents\visual studio 2015\projects\opengl\2d engine\final project engine\Init.h(32): fatal error C1083: Cannot open include file: 'GL/glew.h': No such file or directory
  Triangle.cpp
c:\users\peyton\documents\visual studio 2015\projects\opengl\2d engine\final project engine\Init.h(32): fatal error C1083: Cannot open include file: 'GL/glew.h': No such file or directory
  TriangleT.cpp
c:\users\peyton\documents\visual studio 2015\projects\opengl\2d engine\final project engine\Init.h(32): fatal error C1083: Cannot open include file: 'GL/glew.h': No such file or directory
