c:\users\peyton\documents\visual studio 2015\projects\opengl\2d engine\final project engine\debug\vc140.pdb
c:\users\peyton\documents\visual studio 2015\projects\opengl\2d engine\final project engine\debug\vc140.idb
c:\users\peyton\documents\visual studio 2015\projects\opengl\2d engine\final project engine\debug\source.obj
c:\users\peyton\documents\visual studio 2015\projects\opengl\2d engine\final project engine\debug\chunkfile.obj
c:\users\peyton\documents\visual studio 2015\projects\opengl\2d engine\final project engine\debug\circle.obj
c:\users\peyton\documents\visual studio 2015\projects\opengl\2d engine\final project engine\debug\graphicnumber.obj
c:\users\peyton\documents\visual studio 2015\projects\opengl\2d engine\final project engine\debug\hitarray.obj
c:\users\peyton\documents\visual studio 2015\projects\opengl\2d engine\final project engine\debug\hitbox.obj
c:\users\peyton\documents\visual studio 2015\projects\opengl\2d engine\final project engine\debug\human.obj
c:\users\peyton\documents\visual studio 2015\projects\opengl\2d engine\final project engine\debug\init.obj
c:\users\peyton\documents\visual studio 2015\projects\opengl\2d engine\final project engine\debug\list.obj
c:\users\peyton\documents\visual studio 2015\projects\opengl\2d engine\final project engine\debug\node.obj
c:\users\peyton\documents\visual studio 2015\projects\opengl\2d engine\final project engine\debug\rectangle.obj
c:\users\peyton\documents\visual studio 2015\projects\opengl\2d engine\final project engine\debug\rectanglet.obj
c:\users\peyton\documents\visual studio 2015\projects\opengl\2d engine\final project engine\debug\scoreboard.obj
c:\users\peyton\documents\visual studio 2015\projects\opengl\2d engine\final project engine\debug\shader.obj
c:\users\peyton\documents\visual studio 2015\projects\opengl\2d engine\final project engine\debug\shape.obj
c:\users\peyton\documents\visual studio 2015\projects\opengl\2d engine\final project engine\debug\sound.obj
c:\users\peyton\documents\visual studio 2015\projects\opengl\2d engine\final project engine\debug\stb_image.obj
c:\users\peyton\documents\visual studio 2015\projects\opengl\2d engine\final project engine\debug\texture.obj
c:\users\peyton\documents\visual studio 2015\projects\opengl\2d engine\final project engine\debug\triangle.obj
c:\users\peyton\documents\visual studio 2015\projects\opengl\2d engine\final project engine\debug\trianglet.obj
c:\users\peyton\documents\visual studio 2015\projects\opengl\2d engine\final project engine\debug\bounds.obj
c:\users\peyton\documents\visual studio 2015\projects\opengl\2d engine\final project engine\debug\block.obj
c:\users\peyton\documents\visual studio 2015\projects\opengl\2d engine\final project engine\debug\chunk.obj
c:\users\peyton\documents\visual studio 2015\projects\opengl\2d engine\debug\2d engine.ilk
c:\users\peyton\documents\visual studio 2015\projects\opengl\2d engine\debug\2d engine.exe
c:\users\peyton\documents\visual studio 2015\projects\opengl\2d engine\debug\2d engine.pdb
c:\users\peyton\documents\visual studio 2015\projects\opengl\2d engine\final project engine\debug\2d engine.tlog\cl.command.1.tlog
c:\users\peyton\documents\visual studio 2015\projects\opengl\2d engine\final project engine\debug\2d engine.tlog\cl.read.1.tlog
c:\users\peyton\documents\visual studio 2015\projects\opengl\2d engine\final project engine\debug\2d engine.tlog\cl.write.1.tlog
c:\users\peyton\documents\visual studio 2015\projects\opengl\2d engine\final project engine\debug\2d engine.tlog\link.command.1.tlog
c:\users\peyton\documents\visual studio 2015\projects\opengl\2d engine\final project engine\debug\2d engine.tlog\link.read.1.tlog
c:\users\peyton\documents\visual studio 2015\projects\opengl\2d engine\final project engine\debug\2d engine.tlog\link.write.1.tlog
